#-----------------------------------------------------------
# Vivado v2020.1 (64-bit)
# SW Build 2902540 on Wed May 27 19:54:49 MDT 2020
# IP Build 2902112 on Wed May 27 22:43:36 MDT 2020
# Start of session at: Fri Nov  5 21:39:59 2021
# Process ID: 19764
# Current directory: C:/Users/andyg/Desktop/SEMESTER_1_DOCS/TFE4152 - DESIGN OF INTEGRATED CIRCUITS/EXERCISES/EX 5/SysV_EX_5/Exercise5
# Command line: vivado.exe -gui_launcher_event rodinguilauncherevent22136 C:\Users\andyg\Desktop\SEMESTER_1_DOCS\TFE4152 - DESIGN OF INTEGRATED CIRCUITS\EXERCISES\EX 5\SysV_EX_5\Exercise5\Exercise5.xpr
# Log file: C:/Users/andyg/Desktop/SEMESTER_1_DOCS/TFE4152 - DESIGN OF INTEGRATED CIRCUITS/EXERCISES/EX 5/SysV_EX_5/Exercise5/vivado.log
# Journal file: C:/Users/andyg/Desktop/SEMESTER_1_DOCS/TFE4152 - DESIGN OF INTEGRATED CIRCUITS/EXERCISES/EX 5/SysV_EX_5/Exercise5\vivado.jou
#-----------------------------------------------------------
start_gui
open_project {C:/Users/andyg/Desktop/SEMESTER_1_DOCS/TFE4152 - DESIGN OF INTEGRATED CIRCUITS/EXERCISES/EX 5/SysV_EX_5/Exercise5/Exercise5.xpr}
INFO: [ProjectBase 1-489] The host OS only allows 260 characters in a normal path. The project is stored in a path with more than 80 characters. If you experience issues with IP, Block Designs, or files not being found, please consider moving the project to a location with a shorter path. Alternately consider using the OS subst command to map part of the path to a drive letter.
Current project path is 'C:/Users/andyg/Desktop/SEMESTER_1_DOCS/TFE4152 - DESIGN OF INTEGRATED CIRCUITS/EXERCISES/EX 5/SysV_EX_5/Exercise5'
Scanning sources...
Finished scanning sources
INFO: [IP_Flow 19-234] Refreshing IP repositories
INFO: [IP_Flow 19-1704] No user IP repositories specified
INFO: [IP_Flow 19-2313] Loaded Vivado IP repository 'C:/Xilinx/Vivado/2020.1/data/ip'.
update_compile_order -fileset sources_1
exit
INFO: [Common 17-206] Exiting Vivado at Fri Nov  5 21:40:57 2021...
